02-18 13:03:28 com_github_MitjaNemec_PlaceFootprints.action_place_footprints 674:Plugin executed on: 'linux'
02-18 13:03:28 com_github_MitjaNemec_PlaceFootprints.action_place_footprints 675:Plugin executed with python version: '3.14.2 (main, Jan  7 2026, 21:12:19) [GCC 15.2.1 20260103]'
02-18 13:03:28 com_github_MitjaNemec_PlaceFootprints.action_place_footprints 676:KiCad build version: 9.0.7
02-18 13:03:28 com_github_MitjaNemec_PlaceFootprints.action_place_footprints 677:Plugin version: 4.0.1
02-18 13:03:28 com_github_MitjaNemec_PlaceFootprints.action_place_footprints 678:Frame repr: <wx._core.Frame object at 0x7f8dfa0b9d00>
02-18 13:03:28 com_github_MitjaNemec_PlaceFootprints.place_footprints 121:getting a list of all footprints on board
02-18 13:03:28 com_github_MitjaNemec_PlaceFootprints.place_footprints 156:Footprint D1 on root level
02-18 13:03:28 com_github_MitjaNemec_PlaceFootprints.place_footprints 156:Footprint D8 on root level
02-18 13:03:28 com_github_MitjaNemec_PlaceFootprints.place_footprints 156:Footprint D7 on root level
02-18 13:03:28 com_github_MitjaNemec_PlaceFootprints.place_footprints 156:Footprint D3 on root level
02-18 13:03:28 com_github_MitjaNemec_PlaceFootprints.place_footprints 156:Footprint D24 on root level
02-18 13:03:28 com_github_MitjaNemec_PlaceFootprints.place_footprints 156:Footprint C11 on root level
02-18 13:03:28 com_github_MitjaNemec_PlaceFootprints.place_footprints 156:Footprint C9 on root level
02-18 13:03:28 com_github_MitjaNemec_PlaceFootprints.place_footprints 156:Footprint D17 on root level
02-18 13:03:28 com_github_MitjaNemec_PlaceFootprints.place_footprints 156:Footprint C16 on root level
02-18 13:03:28 com_github_MitjaNemec_PlaceFootprints.place_footprints 156:Footprint D21 on root level
02-18 13:03:28 com_github_MitjaNemec_PlaceFootprints.place_footprints 156:Footprint C20 on root level
02-18 13:03:28 com_github_MitjaNemec_PlaceFootprints.place_footprints 156:Footprint C7 on root level
02-18 13:03:28 com_github_MitjaNemec_PlaceFootprints.place_footprints 156:Footprint D12 on root level
02-18 13:03:28 com_github_MitjaNemec_PlaceFootprints.place_footprints 156:Footprint C18 on root level
02-18 13:03:28 com_github_MitjaNemec_PlaceFootprints.place_footprints 156:Footprint D9 on root level
02-18 13:03:28 com_github_MitjaNemec_PlaceFootprints.place_footprints 156:Footprint D18 on root level
02-18 13:03:28 com_github_MitjaNemec_PlaceFootprints.place_footprints 156:Footprint D5 on root level
02-18 13:03:28 com_github_MitjaNemec_PlaceFootprints.place_footprints 156:Footprint D2 on root level
02-18 13:03:28 com_github_MitjaNemec_PlaceFootprints.place_footprints 156:Footprint C14 on root level
02-18 13:03:28 com_github_MitjaNemec_PlaceFootprints.place_footprints 156:Footprint D13 on root level
02-18 13:03:28 com_github_MitjaNemec_PlaceFootprints.place_footprints 156:Footprint H1 on root level
02-18 13:03:28 com_github_MitjaNemec_PlaceFootprints.place_footprints 156:Footprint D23 on root level
02-18 13:03:28 com_github_MitjaNemec_PlaceFootprints.place_footprints 156:Footprint C17 on root level
02-18 13:03:28 com_github_MitjaNemec_PlaceFootprints.place_footprints 156:Footprint H3 on root level
02-18 13:03:28 com_github_MitjaNemec_PlaceFootprints.place_footprints 156:Footprint D15 on root level
02-18 13:03:28 com_github_MitjaNemec_PlaceFootprints.place_footprints 156:Footprint C8 on root level
02-18 13:03:28 com_github_MitjaNemec_PlaceFootprints.place_footprints 156:Footprint C19 on root level
02-18 13:03:28 com_github_MitjaNemec_PlaceFootprints.place_footprints 156:Footprint C22 on root level
02-18 13:03:28 com_github_MitjaNemec_PlaceFootprints.place_footprints 156:Footprint C25 on root level
02-18 13:03:28 com_github_MitjaNemec_PlaceFootprints.place_footprints 156:Footprint C15 on root level
02-18 13:03:28 com_github_MitjaNemec_PlaceFootprints.place_footprints 156:Footprint D10 on root level
02-18 13:03:28 com_github_MitjaNemec_PlaceFootprints.place_footprints 156:Footprint D20 on root level
02-18 13:03:28 com_github_MitjaNemec_PlaceFootprints.place_footprints 156:Footprint D16 on root level
02-18 13:03:28 com_github_MitjaNemec_PlaceFootprints.place_footprints 156:Footprint D11 on root level
02-18 13:03:28 com_github_MitjaNemec_PlaceFootprints.place_footprints 156:Footprint C10 on root level
02-18 13:03:28 com_github_MitjaNemec_PlaceFootprints.place_footprints 156:Footprint SW1 on root level
02-18 13:03:28 com_github_MitjaNemec_PlaceFootprints.place_footprints 156:Footprint C24 on root level
02-18 13:03:28 com_github_MitjaNemec_PlaceFootprints.place_footprints 156:Footprint C21 on root level
02-18 13:03:28 com_github_MitjaNemec_PlaceFootprints.place_footprints 156:Footprint D14 on root level
02-18 13:03:28 com_github_MitjaNemec_PlaceFootprints.place_footprints 156:Footprint D4 on root level
02-18 13:03:28 com_github_MitjaNemec_PlaceFootprints.place_footprints 156:Footprint D19 on root level
02-18 13:03:28 com_github_MitjaNemec_PlaceFootprints.place_footprints 156:Footprint C23 on root level
02-18 13:03:28 com_github_MitjaNemec_PlaceFootprints.place_footprints 156:Footprint H2 on root level
02-18 13:03:28 com_github_MitjaNemec_PlaceFootprints.place_footprints 156:Footprint D22 on root level
02-18 13:03:28 com_github_MitjaNemec_PlaceFootprints.place_footprints 156:Footprint C6 on root level
02-18 13:03:28 com_github_MitjaNemec_PlaceFootprints.place_footprints 156:Footprint C5 on root level
02-18 13:03:28 com_github_MitjaNemec_PlaceFootprints.place_footprints 156:Footprint C2 on root level
02-18 13:03:28 com_github_MitjaNemec_PlaceFootprints.place_footprints 156:Footprint C1 on root level
02-18 13:03:28 com_github_MitjaNemec_PlaceFootprints.place_footprints 156:Footprint D6 on root level
02-18 13:03:28 com_github_MitjaNemec_PlaceFootprints.place_footprints 156:Footprint C12 on root level
02-18 13:03:28 com_github_MitjaNemec_PlaceFootprints.place_footprints 156:Footprint C3 on root level
02-18 13:03:28 com_github_MitjaNemec_PlaceFootprints.place_footprints 156:Footprint C4 on root level
02-18 13:03:28 com_github_MitjaNemec_PlaceFootprints.place_footprints 156:Footprint C13 on root level
02-18 13:03:28 com_github_MitjaNemec_PlaceFootprints.action_place_footprints 717:Reference footprint='D7'
02-18 13:03:29 com_github_MitjaNemec_PlaceFootprints.action_place_footprints 858:Reference designator is: D
02-18 13:03:29 com_github_MitjaNemec_PlaceFootprints.action_place_footprints 859:Reference number is: 7
02-18 13:03:29 com_github_MitjaNemec_PlaceFootprints.action_place_footprints 891:Sorted and filtered list:
['D1', 'D2', 'D3', 'D4', 'D5', 'D6', 'D7', 'D8', 'D9', 'D10', 'D11', 'D12', 'D13', 'D14', 'D15', 'D16', 'D17', 'D18', 'D19', 'D20', 'D21', 'D22', 'D23', 'D24']
02-18 13:03:29 com_github_MitjaNemec_PlaceFootprints.action_place_footprints 376:wx.Colour(27, 29, 36, 255)
02-18 13:03:34 com_github_MitjaNemec_PlaceFootprints.action_place_footprints 507:'0'
02-18 13:03:34 com_github_MitjaNemec_PlaceFootprints.action_place_footprints 553:Preparing config for reference linear
02-18 13:03:34 com_github_MitjaNemec_PlaceFootprints.action_place_footprints 573:Saving config file
02-18 13:03:34 com_github_MitjaNemec_PlaceFootprints.action_place_footprints 575:Saved the config file
02-18 13:03:34 com_github_MitjaNemec_PlaceFootprints.action_place_footprints 929:Footprints to place:
['D7', 'D8', 'D9', 'D10', 'D11', 'D12', 'D13', 'D14', 'D15', 'D16', 'D17', 'D18', 'D19', 'D20', 'D21', 'D22', 'D23', 'D24']
02-18 13:03:34 com_github_MitjaNemec_PlaceFootprints.place_footprints 396:Starting placing with linear layout
02-18 13:03:34 com_github_MitjaNemec_PlaceFootprints.action_place_footprints 970:Placing complete
